  [4;36;1mSQL (0.5ms)[0m   [0;1m SELECT name
 FROM sqlite_master
 WHERE type = 'table' AND NOT name = 'sqlite_sequence'
[0m
  [4;35;1mSQL (0.2ms)[0m   [0mselect sqlite_version(*)[0m
  [4;36;1mSQL (2.0ms)[0m   [0;1mCREATE TABLE "schema_migrations" ("version" varchar(255) NOT NULL) [0m
  [4;35;1mSQL (1.7ms)[0m   [0mCREATE UNIQUE INDEX "unique_schema_migrations" ON "schema_migrations" ("version")[0m
  [4;36;1mSQL (0.3ms)[0m   [0;1m SELECT name
 FROM sqlite_master
 WHERE type = 'table' AND NOT name = 'sqlite_sequence'
[0m
  [4;35;1mSQL (0.2ms)[0m   [0mSELECT version FROM schema_migrations[0m
Migrating to CreateComments (20091203162133)
  [4;36;1mSQL (0.7ms)[0m   [0;1mCREATE TABLE "comments" ("id" INTEGER PRIMARY KEY AUTOINCREMENT NOT NULL, "body" text, "post_id" integer, "created_at" datetime, "updated_at" datetime) [0m
  [4;35;1mSQL (0.2ms)[0m   [0mINSERT INTO schema_migrations (version) VALUES ('20091203162133')[0m
Migrating to CreatePosts (20091203162135)
  [4;36;1mSQL (1.2ms)[0m   [0;1mCREATE TABLE "posts" ("id" INTEGER PRIMARY KEY AUTOINCREMENT NOT NULL, "body" varchar(255), "title" varchar(255), "user_id" integer, "created_at" datetime, "updated_at" datetime) [0m
  [4;35;1mSQL (0.3ms)[0m   [0mINSERT INTO schema_migrations (version) VALUES ('20091203162135')[0m
Migrating to CreateUsers (20091203162136)
  [4;36;1mSQL (0.6ms)[0m   [0;1mCREATE TABLE "users" ("id" INTEGER PRIMARY KEY AUTOINCREMENT NOT NULL, "name" varchar(255), "email" varchar(255), "created_at" datetime, "updated_at" datetime) [0m
  [4;35;1mSQL (0.2ms)[0m   [0mINSERT INTO schema_migrations (version) VALUES ('20091203162136')[0m
  [4;36;1mSQL (0.5ms)[0m   [0;1m SELECT name
 FROM sqlite_master
 WHERE type = 'table' AND NOT name = 'sqlite_sequence'
[0m
  [4;35;1mSQL (0.4ms)[0m   [0mSELECT version FROM schema_migrations[0m
  [4;36;1mSQL (0.5ms)[0m   [0;1m SELECT name
 FROM sqlite_master
 WHERE type = 'table' AND NOT name = 'sqlite_sequence'
[0m
  [4;35;1mSQL (0.1ms)[0m   [0mPRAGMA index_list("comments")[0m
  [4;36;1mSQL (0.1ms)[0m   [0;1mPRAGMA index_list("posts")[0m
  [4;35;1mSQL (0.1ms)[0m   [0mPRAGMA index_list("users")[0m


Processing UsersController#index (for 127.0.0.1 at 2009-12-03 16:23:44) [GET]
  [4;36;1mUser Load (0.6ms)[0m   [0;1mSELECT * FROM "users" [0m
Rendering template within layouts/application
Rendering users/index
Completed in 56ms (View: 39, DB: 1) | 200 OK [http://localhost/]


Processing UsersController#new (for 127.0.0.1 at 2009-12-03 16:23:47) [GET]
Rendering template within layouts/application
Rendering users/new
Rendered users/_form (7.3ms)
Completed in 29ms (View: 19, DB: 0) | 200 OK [http://localhost/users/new]


Processing UsersController#create (for 127.0.0.1 at 2009-12-03 16:24:03) [POST]
  Parameters: {"commit"=>"Submit", "authenticity_token"=>"p/7ZBpw3BAxmkzYQebZ+hPwXqpZe9ocK2HfSMNTLJoQ=", "user"=>{"name"=>"Tan Mai", "email"=>"tansemail@corp.com"}}
  [4;35;1mUser Create (0.5ms)[0m   [0mINSERT INTO "users" ("name", "created_at", "updated_at", "email") VALUES('Tan Mai', '2009-12-03 21:24:03', '2009-12-03 21:24:03', 'tansemail@corp.com')[0m
Redirected to http://localhost:3004/users
Completed in 24ms (DB: 0) | 302 Found [http://localhost/users]


Processing UsersController#index (for 127.0.0.1 at 2009-12-03 16:24:03) [GET]
  [4;36;1mUser Load (0.7ms)[0m   [0;1mSELECT * FROM "users" [0m
Rendering template within layouts/application
Rendering users/index
  [4;35;1mPost Load (0.2ms)[0m   [0mSELECT * FROM "posts" WHERE ("posts".user_id = 1) [0m
  [4;36;1mUser Load (0.5ms)[0m   [0;1mSELECT * FROM "users" WHERE ("users"."id" = 1) [0m
Rendered posts/_form (7.7ms)
Rendered users/_user (96.7ms)
Completed in 114ms (View: 104, DB: 1) | 200 OK [http://localhost/users]


Processing PostsController#create (for 127.0.0.1 at 2009-12-03 16:24:35) [POST]
  Parameters: {"commit"=>"Submit", "post"=>{"title"=>"on interviews", "body"=>"It is fun to insterview peopo"}, "authenticity_token"=>"p/7ZBpw3BAxmkzYQebZ+hPwXqpZe9ocK2HfSMNTLJoQ=", "user_id"=>"1"}
  [4;35;1mUser Load (0.4ms)[0m   [0mSELECT * FROM "users" WHERE ("users"."id" = 1) [0m
  [4;36;1mPost Create (0.4ms)[0m   [0;1mINSERT INTO "posts" ("created_at", "body", "title", "updated_at", "user_id") VALUES('2009-12-03 21:24:35', 'It is fun to insterview peopo', 'on interviews', '2009-12-03 21:24:35', 1)[0m
Redirected to http://localhost:3004/users/1/posts
Completed in 25ms (DB: 1) | 302 Found [http://localhost/users/1/posts]


Processing PostsController#index (for 127.0.0.1 at 2009-12-03 16:24:35) [GET]
  Parameters: {"user_id"=>"1"}
  [4;35;1mUser Load (0.4ms)[0m   [0mSELECT * FROM "users" WHERE ("users"."id" = 1) [0m
Rendering template within layouts/application
Rendering posts/index
  [4;36;1mPost Load (0.5ms)[0m   [0;1mSELECT * FROM "posts" WHERE ("posts".user_id = 1) [0m
  [4;35;1mComment Load (0.2ms)[0m   [0mSELECT * FROM "comments" WHERE ("comments".post_id = 1) [0m
  [4;36;1mPost Load (0.5ms)[0m   [0;1mSELECT * FROM "posts" WHERE ("posts"."id" = 1) [0m
  [4;35;1mCACHE (0.0ms)[0m   [0mSELECT * FROM "users" WHERE ("users"."id" = 1) [0m
Rendered comments/_form (7.8ms)
Rendered posts/_post (26.5ms)
Completed in 60ms (View: 43, DB: 2) | 200 OK [http://localhost/users/1/posts]


Processing UsersController#index (for 127.0.0.1 at 2009-12-03 16:24:53) [GET]
  [4;36;1mUser Load (0.8ms)[0m   [0;1mSELECT * FROM "users" [0m
Rendering template within layouts/application
Rendering users/index
  [4;35;1mPost Load (0.5ms)[0m   [0mSELECT * FROM "posts" WHERE ("posts".user_id = 1) [0m
Rendered posts/_post_small (1.6ms)
  [4;36;1mUser Load (0.4ms)[0m   [0;1mSELECT * FROM "users" WHERE ("users"."id" = 1) [0m
Rendered posts/_form (5.6ms)
Rendered users/_user (26.9ms)
Completed in 40ms (View: 29, DB: 2) | 200 OK [http://localhost/]
